[debug] [2022-10-31T22:22:09.931Z] ----------------------------------------------------------------------
[debug] [2022-10-31T22:22:09.933Z] Command:       C:\Program Files\nodejs\node.exe C:\Users\guilh\AppData\Roaming\npm\node_modules\firebase-tools\lib\bin\firebase.js init
[debug] [2022-10-31T22:22:09.934Z] CLI Version:   11.15.0
[debug] [2022-10-31T22:22:09.934Z] Platform:      win32
[debug] [2022-10-31T22:22:09.934Z] Node Version:  v16.17.0
[debug] [2022-10-31T22:22:09.935Z] Time:          Mon Oct 31 2022 19:22:09 GMT-0300 (Horário Padrão de Brasília)
[debug] [2022-10-31T22:22:09.936Z] ----------------------------------------------------------------------
[debug] 
[debug] [2022-10-31T22:22:09.947Z] > command requires scopes: ["email","openid","https://www.googleapis.com/auth/cloudplatformprojects.readonly","https://www.googleapis.com/auth/firebase","https://www.googleapis.com/auth/cloud-platform"]
[debug] [2022-10-31T22:22:09.947Z] > authorizing via signed-in user (guilhermefarias210303@gmail.com)
[info] 
     ######## #### ########  ######## ########     ###     ######  ########
     ##        ##  ##     ## ##       ##     ##  ##   ##  ##       ##
     ######    ##  ########  ######   ########  #########  ######  ######
     ##        ##  ##    ##  ##       ##     ## ##     ##       ## ##
     ##       #### ##     ## ######## ########  ##     ##  ######  ########

You're about to initialize a Firebase project in this directory:

  C:\Users\guilh\Downloads\js241022-master\js241022-master

[info] 
=== Project Setup
[info] 
[info] First, let's associate this project directory with a Firebase project.
[info] You can create multiple project aliases by running firebase use --add, 
[info] but for now we'll just set up a default project.
[info] 
[debug] [2022-10-31T22:22:45.846Z] >>> [apiv2][query] GET https://firebase.googleapis.com/v1beta1/projects pageSize=100
[debug] [2022-10-31T22:22:46.818Z] <<< [apiv2][status] GET https://firebase.googleapis.com/v1beta1/projects 200
[debug] [2022-10-31T22:22:46.819Z] <<< [apiv2][body] GET https://firebase.googleapis.com/v1beta1/projects [omitted]
[info] i  Using project hcodelab-js-e9846 (HcodeLab-Js) 
[info] 
=== Firestore Setup
[debug] [2022-10-31T22:22:47.548Z] >>> [apiv2][query] GET https://serviceusage.googleapis.com/v1/projects/hcodelab-js-e9846/services/firestore.googleapis.com [none]
[debug] [2022-10-31T22:22:47.548Z] >>> [apiv2][(partial)header] GET https://serviceusage.googleapis.com/v1/projects/hcodelab-js-e9846/services/firestore.googleapis.com x-goog-quota-user=projects/hcodelab-js-e9846
[debug] [2022-10-31T22:22:48.738Z] <<< [apiv2][status] GET https://serviceusage.googleapis.com/v1/projects/hcodelab-js-e9846/services/firestore.googleapis.com 200
[debug] [2022-10-31T22:22:48.739Z] <<< [apiv2][body] GET https://serviceusage.googleapis.com/v1/projects/hcodelab-js-e9846/services/firestore.googleapis.com [omitted]
[debug] [2022-10-31T22:22:48.742Z] >>> [apiv2][query] GET https://appengine.googleapis.com/v1/apps/hcodelab-js-e9846 [none]
[debug] [2022-10-31T22:22:49.286Z] <<< [apiv2][status] GET https://appengine.googleapis.com/v1/apps/hcodelab-js-e9846 200
[debug] [2022-10-31T22:22:49.286Z] <<< [apiv2][body] GET https://appengine.googleapis.com/v1/apps/hcodelab-js-e9846 {"name":"apps/hcodelab-js-e9846","id":"hcodelab-js-e9846","authDomain":"gmail.com","locationId":"us-central","codeBucket":"staging.hcodelab-js-e9846.appspot.com","servingStatus":"SERVING","defaultHostname":"hcodelab-js-e9846.uc.r.appspot.com","defaultBucket":"hcodelab-js-e9846.appspot.com","serviceAccount":"hcodelab-js-e9846@appspot.gserviceaccount.com","gcrDomain":"us.gcr.io","databaseType":"CLOUD_FIRESTORE","featureSettings":{"splitHealthChecks":true,"useContainerOptimizedOs":true}}
[debug] [2022-10-31T22:22:49.286Z] database_type: CLOUD_FIRESTORE
[debug] [2022-10-31T22:22:49.286Z] > command requires scopes: ["email","openid","https://www.googleapis.com/auth/cloudplatformprojects.readonly","https://www.googleapis.com/auth/firebase","https://www.googleapis.com/auth/cloud-platform"]
[debug] [2022-10-31T22:22:49.286Z] > authorizing via signed-in user (guilhermefarias210303@gmail.com)
[debug] [2022-10-31T22:22:49.287Z] [iam] checking project hcodelab-js-e9846 for permissions ["firebase.projects.get"]
[debug] [2022-10-31T22:22:49.287Z] >>> [apiv2][query] POST https://cloudresourcemanager.googleapis.com/v1/projects/hcodelab-js-e9846:testIamPermissions [none]
[debug] [2022-10-31T22:22:49.287Z] >>> [apiv2][(partial)header] POST https://cloudresourcemanager.googleapis.com/v1/projects/hcodelab-js-e9846:testIamPermissions x-goog-quota-user=projects/hcodelab-js-e9846
[debug] [2022-10-31T22:22:49.287Z] >>> [apiv2][body] POST https://cloudresourcemanager.googleapis.com/v1/projects/hcodelab-js-e9846:testIamPermissions {"permissions":["firebase.projects.get"]}
[debug] [2022-10-31T22:22:50.367Z] <<< [apiv2][status] POST https://cloudresourcemanager.googleapis.com/v1/projects/hcodelab-js-e9846:testIamPermissions 200
[debug] [2022-10-31T22:22:50.367Z] <<< [apiv2][body] POST https://cloudresourcemanager.googleapis.com/v1/projects/hcodelab-js-e9846:testIamPermissions {"permissions":["firebase.projects.get"]}
[info] 
[info] Firestore Security Rules allow you to define how and when to allow
[info] requests. You can keep these rules in your project directory
[info] and publish them with firebase deploy.
[info] 
[debug] [2022-10-31T22:23:17.500Z] >>> [apiv2][query] GET https://firebaserules.googleapis.com/v1/projects/hcodelab-js-e9846/releases pageSize=10&pageToken=
[debug] [2022-10-31T22:23:18.611Z] <<< [apiv2][status] GET https://firebaserules.googleapis.com/v1/projects/hcodelab-js-e9846/releases 200
[debug] [2022-10-31T22:23:18.612Z] <<< [apiv2][body] GET https://firebaserules.googleapis.com/v1/projects/hcodelab-js-e9846/releases {"releases":[{"name":"projects/hcodelab-js-e9846/releases/cloud.firestore","rulesetName":"projects/hcodelab-js-e9846/rulesets/0866432a-c188-4563-9cbb-0345be9f210c","createTime":"2022-10-31T22:21:09.582369Z","updateTime":"2022-10-31T22:21:09.582369Z"}]}
[debug] [2022-10-31T22:23:18.613Z] Found ruleset: projects/hcodelab-js-e9846/rulesets/0866432a-c188-4563-9cbb-0345be9f210c
[debug] [2022-10-31T22:23:18.614Z] >>> [apiv2][query] GET https://firebaserules.googleapis.com/v1/projects/hcodelab-js-e9846/rulesets/0866432a-c188-4563-9cbb-0345be9f210c [none]
[debug] [2022-10-31T22:23:19.671Z] <<< [apiv2][status] GET https://firebaserules.googleapis.com/v1/projects/hcodelab-js-e9846/rulesets/0866432a-c188-4563-9cbb-0345be9f210c 200
[debug] [2022-10-31T22:23:19.671Z] <<< [apiv2][body] GET https://firebaserules.googleapis.com/v1/projects/hcodelab-js-e9846/rulesets/0866432a-c188-4563-9cbb-0345be9f210c [omitted]
[info] 
[info] Firestore indexes allow you to perform complex queries while
[info] maintaining performance that scales with the size of the result
[info] set. You can keep index definitions in your project directory
[info] and publish them with firebase deploy.
[info] 
[debug] [2022-10-31T22:23:26.358Z] >>> [apiv2][query] GET https://firestore.googleapis.com/v1/projects/hcodelab-js-e9846/databases/(default)/collectionGroups/-/indexes [none]
[debug] [2022-10-31T22:23:26.359Z] >>> [apiv2][query] GET https://firestore.googleapis.com/v1/projects/hcodelab-js-e9846/databases/(default)/collectionGroups/-/fields?filter=indexConfig.usesAncestorConfig=false [none]
[debug] [2022-10-31T22:23:27.549Z] <<< [apiv2][status] GET https://firestore.googleapis.com/v1/projects/hcodelab-js-e9846/databases/(default)/collectionGroups/-/indexes 200
[debug] [2022-10-31T22:23:27.550Z] <<< [apiv2][body] GET https://firestore.googleapis.com/v1/projects/hcodelab-js-e9846/databases/(default)/collectionGroups/-/indexes {}
[debug] [2022-10-31T22:23:28.182Z] <<< [apiv2][status] GET https://firestore.googleapis.com/v1/projects/hcodelab-js-e9846/databases/(default)/collectionGroups/-/fields?filter=indexConfig.usesAncestorConfig=false 200
[debug] [2022-10-31T22:23:28.182Z] <<< [apiv2][body] GET https://firestore.googleapis.com/v1/projects/hcodelab-js-e9846/databases/(default)/collectionGroups/-/fields?filter=indexConfig.usesAncestorConfig=false {"fields":[{"name":"projects/hcodelab-js-e9846/databases/(default)/collectionGroups/__default__/fields/*","indexConfig":{"indexes":[{"queryScope":"COLLECTION","fields":[{"fieldPath":"*","order":"ASCENDING"}],"state":"READY"},{"queryScope":"COLLECTION","fields":[{"fieldPath":"*","order":"DESCENDING"}],"state":"READY"},{"queryScope":"COLLECTION","fields":[{"fieldPath":"*","arrayConfig":"CONTAINS"}],"state":"READY"}]}}]}
[info] 
=== Hosting Setup
[info] 
[info] Your public directory is the folder (relative to your project directory) that
[info] will contain Hosting assets to be uploaded with firebase deploy. If you
[info] have a build process for your assets, use your build's output directory.
[info] 
[info] +  Wrote public/404.html 
[debug] [2022-10-31T22:23:49.157Z] >>> [apiv2][query] GET https://www.gstatic.com/firebasejs/releases.json [none]
[debug] [2022-10-31T22:23:49.405Z] <<< [apiv2][status] GET https://www.gstatic.com/firebasejs/releases.json 200
[debug] [2022-10-31T22:23:49.406Z] <<< [apiv2][body] GET https://www.gstatic.com/firebasejs/releases.json {"current":{"version":"9.13.0","browserURL":"https://www.gstatic.com/firebasejs/9.13.0/firebase.js","packageURL":"https://www.gstatic.com/firebasejs/9.13.0/firebase.tgz"},"live":{"version":"9.13","browserURL":"https://www.gstatic.com/firebasejs/live/9.13/firebase.js","packageURL":"https://www.gstatic.com/firebasejs/live/9.13/firebase.tgz"},"components":{"analytics":"https://www.gstatic.com/firebasejs/9.13.0/firebase-analytics.js","app":"https://www.gstatic.com/firebasejs/9.13.0/firebase-app.js","app-check":"https://www.gstatic.com/firebasejs/9.13.0/firebase-app-check.js","auth":"https://www.gstatic.com/firebasejs/9.13.0/firebase-auth.js","auth/cordova":"https://www.gstatic.com/firebasejs/9.13.0/firebase-auth/cordova.js","auth/react-native":"https://www.gstatic.com/firebasejs/9.13.0/firebase-auth/react-native.js","functions":"https://www.gstatic.com/firebasejs/9.13.0/firebase-functions.js","firestore":"https://www.gstatic.com/firebasejs/9.13.0/firebase-firestore.js","firestore/lite":"https://www.gstatic.com/firebasejs/9.13.0/firebase-firestore/lite.js","installations":"https://www.gstatic.com/firebasejs/9.13.0/firebase-installations.js","storage":"https://www.gstatic.com/firebasejs/9.13.0/firebase-storage.js","performance":"https://www.gstatic.com/firebasejs/9.13.0/firebase-performance.js","remote-config":"https://www.gstatic.com/firebasejs/9.13.0/firebase-remote-config.js","messaging":"https://www.gstatic.com/firebasejs/9.13.0/firebase-messaging.js","messaging/sw":"https://www.gstatic.com/firebasejs/9.13.0/firebase-messaging/sw.js","database":"https://www.gstatic.com/firebasejs/9.13.0/firebase-database.js","firestore.memory":"https://www.gstatic.com/firebasejs/9.13.0/firebase-firestore.memory.js"}}
[info] +  Wrote public/index.html 
[info] 
[info] i  Didn't detect a .git folder. Assuming C:\Users\guilh\Downloads\js241022-master\js241022-master is the project root. 
[info] i  Authorizing with GitHub to upload your service account to a GitHub repository's secrets store. 
[info] 
[info] Visit this URL on this device to log in:
[info] https://github.com/login/oauth/authorize?client_id=89cf50f02ac6aaed3484&state=950610878&redirect_uri=http%3A%2F%2Flocalhost%3A9005&scope=read%3Auser%20repo%20public_repo
[info] 
[info] Waiting for authentication...
[debug] [2022-10-31T22:24:29.996Z] >>> [apiv2][query] POST https://github.com/login/oauth/access_token [none]
[debug] [2022-10-31T22:24:29.997Z] >>> [apiv2][body] POST https://github.com/login/oauth/access_token [stream]
[debug] [2022-10-31T22:24:30.404Z] <<< [apiv2][status] POST https://github.com/login/oauth/access_token 200
[debug] [2022-10-31T22:24:30.404Z] <<< [apiv2][body] POST https://github.com/login/oauth/access_token {"access_token":"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","token_type":"bearer","scope":"read:user,repo"}
[debug] [2022-10-31T22:24:30.410Z] >>> [apiv2][query] GET https://api.github.com/user [none]
[debug] [2022-10-31T22:24:30.859Z] <<< [apiv2][status] GET https://api.github.com/user 200
[debug] [2022-10-31T22:24:30.859Z] <<< [apiv2][body] GET https://api.github.com/user {"login":"GuiFxFarias","id":109701085,"node_id":"U_kgDOBonn3Q","avatar_url":"https://avatars.githubusercontent.com/u/109701085?v=4","gravatar_id":"","url":"https://api.github.com/users/GuiFxFarias","html_url":"https://github.com/GuiFxFarias","followers_url":"https://api.github.com/users/GuiFxFarias/followers","following_url":"https://api.github.com/users/GuiFxFarias/following{/other_user}","gists_url":"https://api.github.com/users/GuiFxFarias/gists{/gist_id}","starred_url":"https://api.github.com/users/GuiFxFarias/starred{/owner}{/repo}","subscriptions_url":"https://api.github.com/users/GuiFxFarias/subscriptions","organizations_url":"https://api.github.com/users/GuiFxFarias/orgs","repos_url":"https://api.github.com/users/GuiFxFarias/repos","events_url":"https://api.github.com/users/GuiFxFarias/events{/privacy}","received_events_url":"https://api.github.com/users/GuiFxFarias/received_events","type":"User","site_admin":false,"name":"Guilherme Farias","company":null,"blog":"","location":"Sertãozinho, São Paulo","email":null,"hireable":null,"bio":"Desenvolvedor Web Junior focado em HTML5, CSS3 e Js","twitter_username":null,"public_repos":16,"public_gists":0,"followers":9,"following":21,"created_at":"2022-07-20T21:52:56Z","updated_at":"2022-08-29T11:13:57Z","private_gists":0,"total_private_repos":3,"owned_private_repos":3,"disk_usage":99468,"collaborators":0,"two_factor_authentication":true,"plan":{"name":"free","space":976562499,"collaborators":0,"private_repos":10000}}
[info] 
[info] +  Success! Logged into GitHub as GuiFxFarias 
[info] 
[debug] [2022-10-31T22:24:39.485Z] >>> [apiv2][query] GET https://api.github.com/repos//actions/secrets/public-key type=owner
[debug] [2022-10-31T22:24:39.823Z] <<< [apiv2][status] GET https://api.github.com/repos//actions/secrets/public-key 404
[debug] [2022-10-31T22:24:39.823Z] <<< [apiv2][body] GET https://api.github.com/repos//actions/secrets/public-key {"message":"Not Found","documentation_url":"https://docs.github.com/rest"}
[debug] [2022-10-31T22:29:08.874Z] >>> [apiv2][query] GET https://api.github.com/repos/(hcode-lab-ferrari/js2401022)/actions/secrets/public-key type=owner
[debug] [2022-10-31T22:29:09.211Z] <<< [apiv2][status] GET https://api.github.com/repos/(hcode-lab-ferrari/js2401022)/actions/secrets/public-key 404
[debug] [2022-10-31T22:29:09.211Z] <<< [apiv2][body] GET https://api.github.com/repos/(hcode-lab-ferrari/js2401022)/actions/secrets/public-key {"message":"Not Found","documentation_url":"https://docs.github.com/rest/reference/actions#get-a-repository-public-key"}
[debug] [2022-10-31T22:29:11.360Z] >>> [apiv2][query] GET https://api.github.com/repos/(hcode-lab-ferrari/js2401022)/actions/secrets/public-key type=owner
[debug] [2022-10-31T22:29:11.634Z] <<< [apiv2][status] GET https://api.github.com/repos/(hcode-lab-ferrari/js2401022)/actions/secrets/public-key 404
[debug] [2022-10-31T22:29:11.634Z] <<< [apiv2][body] GET https://api.github.com/repos/(hcode-lab-ferrari/js2401022)/actions/secrets/public-key {"message":"Not Found","documentation_url":"https://docs.github.com/rest/reference/actions#get-a-repository-public-key"}
[debug] [2022-10-31T22:29:13.786Z] >>> [apiv2][query] GET https://api.github.com/repos//actions/secrets/public-key type=owner
[debug] [2022-10-31T22:29:14.122Z] <<< [apiv2][status] GET https://api.github.com/repos//actions/secrets/public-key 404
[debug] [2022-10-31T22:29:14.123Z] <<< [apiv2][body] GET https://api.github.com/repos//actions/secrets/public-key {"message":"Not Found","documentation_url":"https://docs.github.com/rest"}
[debug] [2022-10-31T22:41:24.951Z] >>> [apiv2][query] GET https://api.github.com/repos/HcodeLab-Js/hcodelab-js-e9846/actions/secrets/public-key type=owner
[debug] [2022-10-31T22:41:25.252Z] <<< [apiv2][status] GET https://api.github.com/repos/HcodeLab-Js/hcodelab-js-e9846/actions/secrets/public-key 404
[debug] [2022-10-31T22:41:25.253Z] <<< [apiv2][body] GET https://api.github.com/repos/HcodeLab-Js/hcodelab-js-e9846/actions/secrets/public-key {"message":"Not Found","documentation_url":"https://docs.github.com/rest/reference/actions#get-a-repository-public-key"}
[debug] [2022-10-31T22:41:54.481Z] >>> [apiv2][query] GET https://api.github.com/repos/(HcodeLab-Js/hcodelab-js-e9846)/actions/secrets/public-key type=owner
[debug] [2022-10-31T22:41:54.784Z] <<< [apiv2][status] GET https://api.github.com/repos/(HcodeLab-Js/hcodelab-js-e9846)/actions/secrets/public-key 404
[debug] [2022-10-31T22:41:54.784Z] <<< [apiv2][body] GET https://api.github.com/repos/(HcodeLab-Js/hcodelab-js-e9846)/actions/secrets/public-key {"message":"Not Found","documentation_url":"https://docs.github.com/rest/reference/actions#get-a-repository-public-key"}
[debug] [2022-10-31T22:41:55.320Z] >>> [apiv2][query] GET https://api.github.com/repos/(HcodeLab-Js/hcodelab-js-e9846)/actions/secrets/public-key type=owner
[debug] [2022-10-31T22:41:55.574Z] <<< [apiv2][status] GET https://api.github.com/repos/(HcodeLab-Js/hcodelab-js-e9846)/actions/secrets/public-key 404
[debug] [2022-10-31T22:41:55.574Z] <<< [apiv2][body] GET https://api.github.com/repos/(HcodeLab-Js/hcodelab-js-e9846)/actions/secrets/public-key {"message":"Not Found","documentation_url":"https://docs.github.com/rest/reference/actions#get-a-repository-public-key"}
[debug] [2022-10-31T22:43:17.357Z] >>> [apiv2][query] GET https://api.github.com/repos/(Guilherme Farias/ProjetoSKT)/actions/secrets/public-key type=owner
[debug] [2022-10-31T22:43:17.638Z] <<< [apiv2][status] GET https://api.github.com/repos/(Guilherme Farias/ProjetoSKT)/actions/secrets/public-key 404
[debug] [2022-10-31T22:43:17.643Z] <<< [apiv2][body] GET https://api.github.com/repos/(Guilherme Farias/ProjetoSKT)/actions/secrets/public-key {"message":"Not Found","documentation_url":"https://docs.github.com/rest/reference/actions#get-a-repository-public-key"}
[debug] [2022-10-31T22:43:23.896Z] >>> [apiv2][query] GET https://api.github.com/repos/(GuilhermeFarias/ProjetoSKT)/actions/secrets/public-key type=owner
[debug] [2022-10-31T22:43:24.169Z] <<< [apiv2][status] GET https://api.github.com/repos/(GuilhermeFarias/ProjetoSKT)/actions/secrets/public-key 404
[debug] [2022-10-31T22:43:24.170Z] <<< [apiv2][body] GET https://api.github.com/repos/(GuilhermeFarias/ProjetoSKT)/actions/secrets/public-key {"message":"Not Found","documentation_url":"https://docs.github.com/rest/reference/actions#get-a-repository-public-key"}
[debug] [2022-10-31T22:43:45.340Z] >>> [apiv2][query] GET https://api.github.com/repos/(GuiFxFarias/ProjetoSKT)/actions/secrets/public-key type=owner
[debug] [2022-10-31T22:43:45.640Z] <<< [apiv2][status] GET https://api.github.com/repos/(GuiFxFarias/ProjetoSKT)/actions/secrets/public-key 404
[debug] [2022-10-31T22:43:45.641Z] <<< [apiv2][body] GET https://api.github.com/repos/(GuiFxFarias/ProjetoSKT)/actions/secrets/public-key {"message":"Not Found","documentation_url":"https://docs.github.com/rest/reference/actions#get-a-repository-public-key"}
[debug] [2022-10-31T22:43:46.048Z] >>> [apiv2][query] GET https://api.github.com/repos/(GuiFxFarias/ProjetoSKT)/actions/secrets/public-key type=owner
[debug] [2022-10-31T22:43:46.160Z] >>> [apiv2][query] GET https://api.github.com/repos//actions/secrets/public-key type=owner
[debug] [2022-10-31T22:43:46.282Z] >>> [apiv2][query] GET https://api.github.com/repos//actions/secrets/public-key type=owner
[debug] [2022-10-31T22:43:46.295Z] <<< [apiv2][status] GET https://api.github.com/repos/(GuiFxFarias/ProjetoSKT)/actions/secrets/public-key 404
[debug] [2022-10-31T22:43:46.295Z] <<< [apiv2][body] GET https://api.github.com/repos/(GuiFxFarias/ProjetoSKT)/actions/secrets/public-key {"message":"Not Found","documentation_url":"https://docs.github.com/rest/reference/actions#get-a-repository-public-key"}
[debug] [2022-10-31T22:43:46.366Z] >>> [apiv2][query] GET https://api.github.com/repos/(GuiFxFarias/ProjetoSKT)/actions/secrets/public-key type=owner
[debug] [2022-10-31T22:43:46.402Z] <<< [apiv2][status] GET https://api.github.com/repos//actions/secrets/public-key 404
[debug] [2022-10-31T22:43:46.402Z] <<< [apiv2][body] GET https://api.github.com/repos//actions/secrets/public-key {"message":"Not Found","documentation_url":"https://docs.github.com/rest"}
[debug] [2022-10-31T22:43:46.468Z] >>> [apiv2][query] GET https://api.github.com/repos//actions/secrets/public-key type=owner
[debug] [2022-10-31T22:43:46.525Z] <<< [apiv2][status] GET https://api.github.com/repos//actions/secrets/public-key 404
[debug] [2022-10-31T22:43:46.525Z] <<< [apiv2][body] GET https://api.github.com/repos//actions/secrets/public-key {"message":"Not Found","documentation_url":"https://docs.github.com/rest"}
[debug] [2022-10-31T22:43:46.626Z] <<< [apiv2][status] GET https://api.github.com/repos/(GuiFxFarias/ProjetoSKT)/actions/secrets/public-key 404
[debug] [2022-10-31T22:43:46.626Z] <<< [apiv2][body] GET https://api.github.com/repos/(GuiFxFarias/ProjetoSKT)/actions/secrets/public-key {"message":"Not Found","documentation_url":"https://docs.github.com/rest/reference/actions#get-a-repository-public-key"}
[debug] [2022-10-31T22:43:46.718Z] <<< [apiv2][status] GET https://api.github.com/repos//actions/secrets/public-key 404
[debug] [2022-10-31T22:43:46.719Z] <<< [apiv2][body] GET https://api.github.com/repos//actions/secrets/public-key {"message":"Not Found","documentation_url":"https://docs.github.com/rest"}
